h:\users\administrator\documents\visual studio 2015\projects\consoleapplication2\consoleapplication2\debug\vc140.pdb
h:\users\administrator\documents\visual studio 2015\projects\consoleapplication2\consoleapplication2\debug\vc140.idb
h:\users\administrator\documents\visual studio 2015\projects\consoleapplication2\consoleapplication2\debug\bitstream.obj
h:\users\administrator\documents\visual studio 2015\projects\consoleapplication2\consoleapplication2\debug\mask.obj
h:\users\administrator\documents\visual studio 2015\projects\consoleapplication2\consoleapplication2\debug\mmask.obj
h:\users\administrator\documents\visual studio 2015\projects\consoleapplication2\consoleapplication2\debug\mqrspec.obj
h:\users\administrator\documents\visual studio 2015\projects\consoleapplication2\consoleapplication2\debug\qrinput.obj
h:\users\administrator\documents\visual studio 2015\projects\consoleapplication2\consoleapplication2\debug\qrspec.obj
h:\users\administrator\documents\visual studio 2015\projects\consoleapplication2\consoleapplication2\debug\rscode.obj
h:\users\administrator\documents\visual studio 2015\projects\consoleapplication2\consoleapplication2\debug\split.obj
h:\users\administrator\documents\visual studio 2015\projects\consoleapplication2\consoleapplication2\debug\qrencode.obj
h:\users\administrator\documents\visual studio 2015\projects\consoleapplication2\consoleapplication2\debug\源.obj
h:\users\administrator\documents\visual studio 2015\projects\consoleapplication2\debug\consoleapplication2.ilk
h:\users\administrator\documents\visual studio 2015\projects\consoleapplication2\debug\consoleapplication2.exe
h:\users\administrator\documents\visual studio 2015\projects\consoleapplication2\debug\consoleapplication2.pdb
h:\users\administrator\documents\visual studio 2015\projects\consoleapplication2\consoleapplication2\debug\consolea.6123d56f.tlog\cl.command.1.tlog
h:\users\administrator\documents\visual studio 2015\projects\consoleapplication2\consoleapplication2\debug\consolea.6123d56f.tlog\cl.read.1.tlog
h:\users\administrator\documents\visual studio 2015\projects\consoleapplication2\consoleapplication2\debug\consolea.6123d56f.tlog\cl.write.1.tlog
h:\users\administrator\documents\visual studio 2015\projects\consoleapplication2\consoleapplication2\debug\consolea.6123d56f.tlog\link.command.1.tlog
h:\users\administrator\documents\visual studio 2015\projects\consoleapplication2\consoleapplication2\debug\consolea.6123d56f.tlog\link.read.1.tlog
h:\users\administrator\documents\visual studio 2015\projects\consoleapplication2\consoleapplication2\debug\consolea.6123d56f.tlog\link.write.1.tlog
